<?xml version="1.0" encoding="UTF-8"?>
<testsuite xmlns:xsi="http://www.w3.org/2001/XMLSchema-instance" xsi:noNamespaceSchemaLocation="https://maven.apache.org/surefire/maven-surefire-plugin/xsd/surefire-test-report.xsd" name="TestSuite" time="26.215" tests="3" errors="0" skipped="0" failures="2">
  <properties>
    <property name="java.specification.version" value="17"/>
    <property name="sun.cpu.isalist" value="amd64"/>
    <property name="sun.jnu.encoding" value="Cp1252"/>
    <property name="java.class.path" value="C:\Users\intel\.p2\pool\plugins\org.eclipse.m2e.maven.runtime_3.8.604.20221130-2149\jars\plexus-classworlds-2.6.0.jar"/>
    <property name="java.vm.vendor" value="Eclipse Adoptium"/>
    <property name="sun.arch.data.model" value="64"/>
    <property name="user.variant" value=""/>
    <property name="java.vendor.url" value="https://adoptium.net/"/>
    <property name="user.timezone" value="Asia/Calcutta"/>
    <property name="java.vm.specification.version" value="17"/>
    <property name="os.name" value="Windows 11"/>
    <property name="sun.java.launcher" value="SUN_STANDARD"/>
    <property name="user.country" value="IN"/>
    <property name="sun.boot.library.path" value="C:\Users\intel\.p2\pool\plugins\org.eclipse.justj.openjdk.hotspot.jre.full.win32.x86_64_17.0.5.v20221102-0933\jre\bin"/>
    <property name="sun.java.command" value="org.codehaus.plexus.classworlds.launcher.Launcher -B -Dstyle.color=always test"/>
    <property name="jdk.debug" value="release"/>
    <property name="maven.home" value="C:\Users\intel\eclipse-workspace\MavenTestng\EMBEDDED"/>
    <property name="sun.cpu.endian" value="little"/>
    <property name="user.home" value="C:\Users\intel"/>
    <property name="user.language" value="en"/>
    <property name="java.specification.vendor" value="Oracle Corporation"/>
    <property name="jansi.mode" value="force"/>
    <property name="java.version.date" value="2022-10-18"/>
    <property name="java.home" value="C:\Users\intel\.p2\pool\plugins\org.eclipse.justj.openjdk.hotspot.jre.full.win32.x86_64_17.0.5.v20221102-0933\jre"/>
    <property name="file.separator" value="\"/>
    <property name="style.color" value="always"/>
    <property name="java.vm.compressedOopsMode" value="32-bit"/>
    <property name="line.separator" value="&#10;"/>
    <property name="java.vm.specification.vendor" value="Oracle Corporation"/>
    <property name="java.specification.name" value="Java Platform API Specification"/>
    <property name="user.script" value=""/>
    <property name="sun.management.compiler" value="HotSpot 64-Bit Tiered Compilers"/>
    <property name="java.runtime.version" value="17.0.5+8"/>
    <property name="user.name" value="intel"/>
    <property name="path.separator" value=";"/>
    <property name="os.version" value="10.0"/>
    <property name="java.runtime.name" value="OpenJDK Runtime Environment"/>
    <property name="file.encoding" value="UTF-8"/>
    <property name="guice.disable.misplaced.annotation.check" value="true"/>
    <property name="java.vm.name" value="OpenJDK 64-Bit Server VM"/>
    <property name="java.vendor.version" value="Temurin-17.0.5+8"/>
    <property name="java.vendor.url.bug" value="https://github.com/adoptium/adoptium-support/issues"/>
    <property name="java.io.tmpdir" value="C:\Users\intel\AppData\Local\Temp\"/>
    <property name="java.version" value="17.0.5"/>
    <property name="user.dir" value="C:\Users\intel\eclipse-workspace\MavenTestng"/>
    <property name="os.arch" value="amd64"/>
    <property name="maven.multiModuleProjectDirectory" value="C:\Users\intel\eclipse-workspace\MavenTestng"/>
    <property name="java.vm.specification.name" value="Java Virtual Machine Specification"/>
    <property name="sun.os.patch.level" value=""/>
    <property name="m2e.build.project.data.socket.port" value="56678"/>
    <property name="native.encoding" value="Cp1252"/>
    <property name="java.library.path" value="C:\Users\intel\.p2\pool\plugins\org.eclipse.justj.openjdk.hotspot.jre.full.win32.x86_64_17.0.5.v20221102-0933\jre\bin;C:\WINDOWS\Sun\Java\bin;C:\WINDOWS\system32;C:\WINDOWS;C:/Users/intel/.p2/pool/plugins/org.eclipse.justj.openjdk.hotspot.jre.full.win32.x86_64_17.0.5.v20221102-0933/jre/bin/server;C:/Users/intel/.p2/pool/plugins/org.eclipse.justj.openjdk.hotspot.jre.full.win32.x86_64_17.0.5.v20221102-0933/jre/bin;C:\Program Files\Common Files\Oracle\Java\javapath;C:\oraclexe\app\oracle\product\11.2.0\server\bin;C:\oracle\product\10.2.0\db_2\bin;C:\oracle\product\10.2.0\db_1\bin;C:\WINDOWS\system32;C:\WINDOWS;C:\WINDOWS\System32\Wbem;C:\WINDOWS\System32\WindowsPowerShell\v1.0\;C:\WINDOWS\System32\OpenSSH\;C:\Program Files\Git\cmd;C:\Program Files\Java\jdk-17\bin;C:\Program Files\apache-maven-3.9.3\bin;C:\Users\intel\AppData\Local\Microsoft\WindowsApps;;C:\Users\intel\Desktop;;."/>
    <property name="java.vm.info" value="mixed mode"/>
    <property name="java.vendor" value="Eclipse Adoptium"/>
    <property name="java.vm.version" value="17.0.5+8"/>
    <property name="classworlds.conf" value="C:\Users\intel\eclipse-workspace\.metadata\.plugins\org.eclipse.m2e.launching\launches\m2conf9866480731328452928.tmp"/>
    <property name="sun.io.unicode.encoding" value="UnicodeLittle"/>
    <property name="java.class.version" value="61.0"/>
  </properties>
  <testcase name="searchtextwine" classname="test.AddTocartTest" time="0.325"/>
  <testcase name="productsearchimage" classname="test.AddTocartTest" time="4.313">
    <failure message="element click intercepted: Element &lt;div class=&quot;grid-item__content&quot;&gt;...&lt;/div&gt; is not clickable at point (204, 356). Other element would receive the click: &lt;div class=&quot;needsclick  kl-private-reset-css-Xuajs1&quot; style=&quot;display: flex; z-index: 90000; position: fixed; left: 0px; top: 0px; width: 100%; height: 100%; justify-content: center; align-items: center; overflow: auto; background-color: rgba(20, 20, 20, 0.6); animation-timing-function: ease; animation-play-state: running; animation-iteration-count: 1; animation-fill-mode: forwards; animation-delay: 0s; animation-duration: 0.35s; animation-name: klaviyo-fadein;&quot;&gt;...&lt;/div&gt;&#10;  (Session info: chrome=114.0.5735.198)&#10;Build info: version: &apos;4.8.3&apos;, revision: &apos;e5e76298c3&apos;&#10;System info: os.name: &apos;Windows 11&apos;, os.arch: &apos;amd64&apos;, os.version: &apos;10.0&apos;, java.version: &apos;17.0.5&apos;&#10;Driver info: org.openqa.selenium.chrome.ChromeDriver&#10;Command: [314f979ee001f7b67abcb9642ba8eee0, clickElement {id=6B90C3EF36ABC3751BBB6BDC1C2AE0FB_element_21}]&#10;Capabilities {acceptInsecureCerts: false, browserName: chrome, browserVersion: 114.0.5735.198, chrome: {chromedriverVersion: 114.0.5735.90 (386bc09e8f4f..., userDataDir: C:\Users\intel\AppData\Loca...}, goog:chromeOptions: {debuggerAddress: localhost:56688}, networkConnectionEnabled: false, pageLoadStrategy: normal, platformName: WINDOWS, proxy: Proxy(), se:cdp: ws://localhost:56688/devtoo..., se:cdpVersion: 114.0.5735.198, setWindowRect: true, strictFileInteractability: false, timeouts: {implicit: 0, pageLoad: 300000, script: 30000}, unhandledPromptBehavior: dismiss and notify, webauthn:extension:credBlob: true, webauthn:extension:largeBlob: true, webauthn:extension:minPinLength: true, webauthn:extension:prf: true, webauthn:virtualAuthenticators: true}&#10;Element: [[ChromeDriver: chrome on WINDOWS (314f979ee001f7b67abcb9642ba8eee0)] -&gt; xpath: (//*[@class=&apos;grid-item__content&apos;])[1]]&#10;Session ID: 314f979ee001f7b67abcb9642ba8eee0" type="org.openqa.selenium.ElementClickInterceptedException"><![CDATA[org.openqa.selenium.ElementClickInterceptedException: 
element click intercepted: Element <div class="grid-item__content">...</div> is not clickable at point (204, 356). Other element would receive the click: <div class="needsclick  kl-private-reset-css-Xuajs1" style="display: flex; z-index: 90000; position: fixed; left: 0px; top: 0px; width: 100%; height: 100%; justify-content: center; align-items: center; overflow: auto; background-color: rgba(20, 20, 20, 0.6); animation-timing-function: ease; animation-play-state: running; animation-iteration-count: 1; animation-fill-mode: forwards; animation-delay: 0s; animation-duration: 0.35s; animation-name: klaviyo-fadein;">...</div>
  (Session info: chrome=114.0.5735.198)
Build info: version: '4.8.3', revision: 'e5e76298c3'
System info: os.name: 'Windows 11', os.arch: 'amd64', os.version: '10.0', java.version: '17.0.5'
Driver info: org.openqa.selenium.chrome.ChromeDriver
Command: [314f979ee001f7b67abcb9642ba8eee0, clickElement {id=6B90C3EF36ABC3751BBB6BDC1C2AE0FB_element_21}]
Capabilities {acceptInsecureCerts: false, browserName: chrome, browserVersion: 114.0.5735.198, chrome: {chromedriverVersion: 114.0.5735.90 (386bc09e8f4f..., userDataDir: C:\Users\intel\AppData\Loca...}, goog:chromeOptions: {debuggerAddress: localhost:56688}, networkConnectionEnabled: false, pageLoadStrategy: normal, platformName: WINDOWS, proxy: Proxy(), se:cdp: ws://localhost:56688/devtoo..., se:cdpVersion: 114.0.5735.198, setWindowRect: true, strictFileInteractability: false, timeouts: {implicit: 0, pageLoad: 300000, script: 30000}, unhandledPromptBehavior: dismiss and notify, webauthn:extension:credBlob: true, webauthn:extension:largeBlob: true, webauthn:extension:minPinLength: true, webauthn:extension:prf: true, webauthn:virtualAuthenticators: true}
Element: [[ChromeDriver: chrome on WINDOWS (314f979ee001f7b67abcb9642ba8eee0)] -> xpath: (//*[@class='grid-item__content'])[1]]
Session ID: 314f979ee001f7b67abcb9642ba8eee0
	at test.AddTocartTest.productsearchimage(AddTocartTest.java:21)
]]></failure>
    <system-out><![CDATA[test case productsearchimage Started
test case productsearchimage has failed
]]></system-out>
  </testcase>
  <testcase name="AddProduct" classname="test.AddTocartTest" time="0.175">
    <failure message="no such element: Unable to locate element: {&quot;method&quot;:&quot;xpath&quot;,&quot;selector&quot;:&quot;//*[@name=&apos;add&apos;]&quot;}&#10;  (Session info: chrome=114.0.5735.198)&#10;For documentation on this error, please visit: https://selenium.dev/exceptions/#no_such_element&#10;Build info: version: &apos;4.8.3&apos;, revision: &apos;e5e76298c3&apos;&#10;System info: os.name: &apos;Windows 11&apos;, os.arch: &apos;amd64&apos;, os.version: &apos;10.0&apos;, java.version: &apos;17.0.5&apos;&#10;Driver info: org.openqa.selenium.chrome.ChromeDriver&#10;Command: [314f979ee001f7b67abcb9642ba8eee0, findElement {using=xpath, value=//*[@name=&apos;add&apos;]}]&#10;Capabilities {acceptInsecureCerts: false, browserName: chrome, browserVersion: 114.0.5735.198, chrome: {chromedriverVersion: 114.0.5735.90 (386bc09e8f4f..., userDataDir: C:\Users\intel\AppData\Loca...}, goog:chromeOptions: {debuggerAddress: localhost:56688}, networkConnectionEnabled: false, pageLoadStrategy: normal, platformName: WINDOWS, proxy: Proxy(), se:cdp: ws://localhost:56688/devtoo..., se:cdpVersion: 114.0.5735.198, setWindowRect: true, strictFileInteractability: false, timeouts: {implicit: 0, pageLoad: 300000, script: 30000}, unhandledPromptBehavior: dismiss and notify, webauthn:extension:credBlob: true, webauthn:extension:largeBlob: true, webauthn:extension:minPinLength: true, webauthn:extension:prf: true, webauthn:virtualAuthenticators: true}&#10;Session ID: 314f979ee001f7b67abcb9642ba8eee0" type="org.openqa.selenium.NoSuchElementException">org.openqa.selenium.NoSuchElementException: 
no such element: Unable to locate element: {"method":"xpath","selector":"//*[@name='add']"}
  (Session info: chrome=114.0.5735.198)
For documentation on this error, please visit: https://selenium.dev/exceptions/#no_such_element
Build info: version: '4.8.3', revision: 'e5e76298c3'
System info: os.name: 'Windows 11', os.arch: 'amd64', os.version: '10.0', java.version: '17.0.5'
Driver info: org.openqa.selenium.chrome.ChromeDriver
Command: [314f979ee001f7b67abcb9642ba8eee0, findElement {using=xpath, value=//*[@name='add']}]
Capabilities {acceptInsecureCerts: false, browserName: chrome, browserVersion: 114.0.5735.198, chrome: {chromedriverVersion: 114.0.5735.90 (386bc09e8f4f..., userDataDir: C:\Users\intel\AppData\Loca...}, goog:chromeOptions: {debuggerAddress: localhost:56688}, networkConnectionEnabled: false, pageLoadStrategy: normal, platformName: WINDOWS, proxy: Proxy(), se:cdp: ws://localhost:56688/devtoo..., se:cdpVersion: 114.0.5735.198, setWindowRect: true, strictFileInteractability: false, timeouts: {implicit: 0, pageLoad: 300000, script: 30000}, unhandledPromptBehavior: dismiss and notify, webauthn:extension:credBlob: true, webauthn:extension:largeBlob: true, webauthn:extension:minPinLength: true, webauthn:extension:prf: true, webauthn:virtualAuthenticators: true}
Session ID: 314f979ee001f7b67abcb9642ba8eee0
	at test.AddTocartTest.AddProduct(AddTocartTest.java:27)
</failure>
    <system-out><![CDATA[test case AddProduct Started
test case AddProduct has failed
]]></system-out>
  </testcase>
</testsuite>